<?xml version="1.0" encoding="UTF-8"?>
<!-- Generated by org.testng.reporters.JUnitXMLReporter -->
<testsuite ignored="0" hostname="DESKTOP-76BH6QQ" failures="0" tests="3" name="Submit Order Test" time="46.442" errors="0" timestamp="2025-06-02T01:00:06 IST">
  <testcase classname="Saswatautomation.Tests.SubmitOrderTests" name="SubmitOrder" time="7.18"/>
  <testcase classname="Saswatautomation.Tests.SubmitOrderTests" name="SubmitOrder" time="8.611"/>
  <testcase classname="Saswatautomation.Tests.SubmitOrderTests" name="orderHistoryTest" time="1.523"/>
</testsuite> <!-- Submit Order Test -->
