<?xml version="1.0" encoding="UTF-8"?>
<testng-results ignored="0" total="1" passed="1" failed="0" skipped="0">
  <reporter-output>
  </reporter-output>
  <suite started-at="2025-06-03T21:06:19 IST" name="Surefire suite" finished-at="2025-06-03T21:06:42 IST" duration-ms="23354">
    <groups>
      <group name="cucumber">
        <method signature="AbstractTestNGCucumberTests.runScenario(io.cucumber.testng.PickleWrapper,io.cucumber.testng.FeatureWrapper)[pri:0, instance:Saswatautomation.Cucumber.TestNGTestRunner@3d74bf60]" name="runScenario" class="io.cucumber.testng.AbstractTestNGCucumberTests"/>
      </group> <!-- cucumber -->
    </groups>
    <test started-at="2025-06-03T21:06:19 IST" name="Surefire test" finished-at="2025-06-03T21:06:42 IST" duration-ms="23354">
      <class name="Saswatautomation.Cucumber.TestNGTestRunner">
        <test-method is-config="true" signature="setUpClass(org.testng.ITestContext)[pri:0, instance:Saswatautomation.Cucumber.TestNGTestRunner@3d74bf60]" started-at="2025-06-03T21:06:19 IST" name="setUpClass" finished-at="2025-06-03T21:06:20 IST" duration-ms="1376" status="PASS">
          <params>
            <param index="0">
              <value>
                <![CDATA[org.testng.TestRunner@75e27856]]>
              </value>
            </param>
          </params>
          <reporter-output>
          </reporter-output>
        </test-method> <!-- setUpClass -->
        <test-method signature="runScenario(io.cucumber.testng.PickleWrapper,io.cucumber.testng.FeatureWrapper)[pri:0, instance:Saswatautomation.Cucumber.TestNGTestRunner@3d74bf60]" started-at="2025-06-03T21:06:20 IST" name="runScenario" description="Runs Cucumber Scenarios" data-provider="scenarios" finished-at="2025-06-03T21:06:42 IST" duration-ms="21767" status="PASS">
          <params>
            <param index="0">
              <value>
                <![CDATA["Positive test of submitting the order"]]>
              </value>
            </param>
            <param index="1">
              <value>
                <![CDATA["Purchase the order from ecommerce website"]]>
              </value>
            </param>
          </params>
          <reporter-output>
          </reporter-output>
        </test-method> <!-- runScenario -->
        <test-method is-config="true" signature="tearDownClass()[pri:0, instance:Saswatautomation.Cucumber.TestNGTestRunner@3d74bf60]" started-at="2025-06-03T21:06:42 IST" name="tearDownClass" finished-at="2025-06-03T21:06:42 IST" duration-ms="67" status="PASS">
          <reporter-output>
          </reporter-output>
        </test-method> <!-- tearDownClass -->
      </class> <!-- Saswatautomation.Cucumber.TestNGTestRunner -->
    </test> <!-- Surefire test -->
  </suite> <!-- Surefire suite -->
</testng-results>
