<?xml version="1.0" encoding="UTF-8"?>
<testng-results ignored="0" total="2" passed="2" failed="0" skipped="0">
  <reporter-output>
  </reporter-output>
  <suite started-at="2025-06-03T20:48:02 IST" name="Default suite" finished-at="2025-06-03T20:48:35 IST" duration-ms="32594">
    <groups>
      <group name="cucumber">
        <method signature="AbstractTestNGCucumberTests.runScenario(io.cucumber.testng.PickleWrapper,io.cucumber.testng.FeatureWrapper)[pri:0, instance:Saswatautomation.Cucumber.TestNGTestRunner@7d8704ef]" name="runScenario" class="io.cucumber.testng.AbstractTestNGCucumberTests"/>
      </group> <!-- cucumber -->
    </groups>
    <test started-at="2025-06-03T20:48:02 IST" name="Default test" finished-at="2025-06-03T20:48:35 IST" duration-ms="32594">
      <class name="Saswatautomation.Cucumber.TestNGTestRunner">
        <test-method is-config="true" signature="setUpClass(org.testng.ITestContext)[pri:0, instance:Saswatautomation.Cucumber.TestNGTestRunner@7d8704ef]" started-at="2025-06-03T20:48:03 IST" name="setUpClass" finished-at="2025-06-03T20:48:04 IST" duration-ms="1550" status="PASS">
          <params>
            <param index="0">
              <value>
                <![CDATA[org.testng.TestRunner@136ccbfe]]>
              </value>
            </param>
          </params>
          <reporter-output>
          </reporter-output>
        </test-method> <!-- setUpClass -->
        <test-method signature="runScenario(io.cucumber.testng.PickleWrapper,io.cucumber.testng.FeatureWrapper)[pri:0, instance:Saswatautomation.Cucumber.TestNGTestRunner@7d8704ef]" started-at="2025-06-03T20:48:04 IST" name="runScenario" description="Runs Cucumber Scenarios" data-provider="scenarios" finished-at="2025-06-03T20:48:14 IST" duration-ms="9535" status="PASS">
          <params>
            <param index="0">
              <value>
                <![CDATA["Login page error validation"]]>
              </value>
            </param>
            <param index="1">
              <value>
                <![CDATA["Error Validation"]]>
              </value>
            </param>
          </params>
          <reporter-output>
          </reporter-output>
        </test-method> <!-- runScenario -->
        <test-method signature="runScenario(io.cucumber.testng.PickleWrapper,io.cucumber.testng.FeatureWrapper)[pri:0, instance:Saswatautomation.Cucumber.TestNGTestRunner@7d8704ef]" started-at="2025-06-03T20:48:14 IST" name="runScenario" description="Runs Cucumber Scenarios" data-provider="scenarios" finished-at="2025-06-03T20:48:35 IST" duration-ms="21288" status="PASS">
          <params>
            <param index="0">
              <value>
                <![CDATA["Positive test of submitting the order"]]>
              </value>
            </param>
            <param index="1">
              <value>
                <![CDATA["Purchase the order from ecommerce website"]]>
              </value>
            </param>
          </params>
          <reporter-output>
          </reporter-output>
        </test-method> <!-- runScenario -->
        <test-method is-config="true" signature="tearDownClass()[pri:0, instance:Saswatautomation.Cucumber.TestNGTestRunner@7d8704ef]" started-at="2025-06-03T20:48:35 IST" name="tearDownClass" finished-at="2025-06-03T20:48:35 IST" duration-ms="97" status="PASS">
          <reporter-output>
          </reporter-output>
        </test-method> <!-- tearDownClass -->
      </class> <!-- Saswatautomation.Cucumber.TestNGTestRunner -->
    </test> <!-- Default test -->
  </suite> <!-- Default suite -->
</testng-results>
